<?xml version="1.0" encoding="UTF-8"?>
<testsuite name="com.epam.api.SwaggerAPITests" tests="1" skipped="0" failures="0" errors="0" timestamp="2021-05-14T16:57:22" hostname="EPBYMINW14BA" time="1.164">
  <properties/>
  <testcase name="swaggerPostRequestTest" classname="com.epam.api.SwaggerAPITests" time="1.164"/>
  <system-out><![CDATA[Headers: java.net.http.HttpHeaders@255b01d7 { {:status=[200], access-control-allow-headers=[Content-Type, api_key, Authorization], access-control-allow-methods=[GET, POST, DELETE, PUT], access-control-allow-origin=[*], content-type=[application/json], date=[Fri, 14 May 2021 16:57:24 GMT], server=[Jetty(9.2.9.v20150224)]} }
Response body: {"code":200,"type":"unknown","message":"ok"}
Status code: 200
Version: HTTP_2
URI: https://petstore.swagger.io/v2/user/createWithList
]]></system-out>
  <system-err><![CDATA[]]></system-err>
</testsuite>
